2023-03-10 00:47:41,594 - synapse.util.caches.lrucache - 212 - INFO - LruCache._expire_old_entries-224 - Dropped 0 items from caches
2023-03-10 00:47:41,597 - synapse.storage.databases.main.event_push_actions - 1454 - INFO - rotate_notifs-224 - Rotating notifications
2023-03-10 00:47:41,599 - synapse.storage.databases.main.metrics - 475 - INFO - generate_user_daily_visits-29 - Calling _generate_user_daily_visits
2023-03-10 00:47:41,599 - synapse.storage.databases.main.event_push_actions - 1300 - INFO - event_push_action_stream_orderings-17 - Searching for stream ordering 1 month ago
2023-03-10 00:47:41,599 - synapse.storage.databases.main.event_push_actions - 1304 - INFO - event_push_action_stream_orderings-17 - Found stream ordering 1 month ago: it's 0
2023-03-10 00:47:41,599 - synapse.storage.databases.main.event_push_actions - 1307 - INFO - event_push_action_stream_orderings-17 - Searching for stream ordering 1 day ago
2023-03-10 00:47:41,599 - synapse.storage.databases.main.event_push_actions - 1311 - INFO - event_push_action_stream_orderings-17 - Found stream ordering 1 day ago: it's 0
2023-03-10 00:47:41,601 - synapse.storage.databases.main.event_push_actions - 1677 - INFO - rotate_notifs-224 - Rotating notifications up to: 1
2023-03-10 00:47:41,601 - synapse.storage.databases.main.event_push_actions - 1776 - INFO - rotate_notifs-224 - Rotating notifications, handling 0 rows
2023-03-10 00:47:41,602 - synapse.storage.databases.main.event_push_actions - 1869 - INFO - rotate_notifs-224 - Rotating notifications, deleted 0 push actions
2023-03-10 00:47:57,606 - synapse.storage.databases.main.event_push_actions - 1454 - INFO - rotate_notifs-225 - Rotating notifications
2023-03-10 00:47:57,606 - synapse.storage.databases.main.event_push_actions - 1677 - INFO - rotate_notifs-225 - Rotating notifications up to: 1
2023-03-10 00:47:57,606 - synapse.storage.databases.main.event_push_actions - 1776 - INFO - rotate_notifs-225 - Rotating notifications, handling 0 rows
2023-03-10 00:47:57,607 - synapse.storage.databases.main.event_push_actions - 1869 - INFO - rotate_notifs-225 - Rotating notifications, deleted 0 push actions
2023-03-10 00:47:57,658 - synapse.util.caches.lrucache - 212 - INFO - LruCache._expire_old_entries-225 - Dropped 0 items from caches
2023-03-10 00:48:02,758 - synapse.metrics._gc - 120 - INFO - sentinel - Collecting gc 1
2023-03-10 01:56:23,655 - synapse.util.caches.lrucache - 212 - INFO - LruCache._expire_old_entries-226 - Dropped 0 items from caches
2023-03-10 01:56:23,656 - synapse.app.homeserver - 64 - INFO - phone_stats_home-3 - Gathering stats for reporting
2023-03-10 01:56:23,658 - synapse.storage.databases.main.event_push_actions - 1454 - INFO - rotate_notifs-226 - Rotating notifications
2023-03-10 01:56:23,659 - synapse.storage.databases.main.metrics - 475 - INFO - generate_user_daily_visits-30 - Calling _generate_user_daily_visits
2023-03-10 01:56:23,659 - synapse.storage.databases.main.event_push_actions - 1300 - INFO - event_push_action_stream_orderings-18 - Searching for stream ordering 1 month ago
2023-03-10 01:56:23,659 - synapse.storage.databases.main.event_push_actions - 1304 - INFO - event_push_action_stream_orderings-18 - Found stream ordering 1 month ago: it's 0
2023-03-10 01:56:23,659 - synapse.storage.databases.main.event_push_actions - 1307 - INFO - event_push_action_stream_orderings-18 - Searching for stream ordering 1 day ago
2023-03-10 01:56:23,659 - synapse.storage.databases.main.event_push_actions - 1311 - INFO - event_push_action_stream_orderings-18 - Found stream ordering 1 day ago: it's 0
2023-03-10 01:56:23,661 - synapse.storage.databases.main.event_push_actions - 1677 - INFO - rotate_notifs-226 - Rotating notifications up to: 1
2023-03-10 01:56:23,661 - synapse.storage.databases.main.event_push_actions - 1776 - INFO - rotate_notifs-226 - Rotating notifications, handling 0 rows
2023-03-10 01:56:23,666 - synapse.storage.databases.main.event_push_actions - 1869 - INFO - rotate_notifs-226 - Rotating notifications, deleted 0 push actions
2023-03-10 01:56:23,669 - synapse.app.homeserver - 156 - INFO - phone_stats_home-3 - Reporting stats to https://matrix.org/report-usage-stats/push: {'memory_rss': 119752, 'cpu_average': 0, 'homeserver': 'matrix.workadventure.localhost', 'server_context': None, 'timestamp': 1678413383, 'uptime_seconds': 35336, 'python_version': '3.9.16', 'total_users': 6, 'total_nonbridged_users': 6, 'daily_user_type_native': 6, 'daily_user_type_guest': 0, 'daily_user_type_bridged': 0, 'total_room_count': 0, 'daily_active_users': 2, 'monthly_active_users': 2, 'daily_active_e2ee_rooms': 0, 'daily_e2ee_messages': 0, 'daily_sent_e2ee_messages': 0, 'daily_active_rooms': 0, 'daily_messages': 0, 'daily_sent_messages': 0, 'r30_users_all': 0, 'r30v2_users_ios': 0, 'r30v2_users_android': 0, 'r30v2_users_web': 0, 'r30v2_users_electron': 0, 'r30v2_users_all': 0, 'cache_factor': 0.5, 'event_cache_size': 10240, 'database_engine': 'sqlite3', 'database_server_version': '3.34.1', 'log_level': 'INFO'}
2023-03-10 01:56:27,603 - synapse.storage.databases.main.event_push_actions - 1454 - INFO - rotate_notifs-227 - Rotating notifications
2023-03-10 01:56:27,603 - synapse.storage.databases.main.event_push_actions - 1677 - INFO - rotate_notifs-227 - Rotating notifications up to: 1
2023-03-10 01:56:27,604 - synapse.storage.databases.main.event_push_actions - 1776 - INFO - rotate_notifs-227 - Rotating notifications, handling 0 rows
2023-03-10 01:56:27,604 - synapse.storage.databases.main.event_push_actions - 1869 - INFO - rotate_notifs-227 - Rotating notifications, deleted 0 push actions
2023-03-10 01:56:27,658 - synapse.util.caches.lrucache - 212 - INFO - LruCache._expire_old_entries-227 - Dropped 0 items from caches
2023-03-10 03:03:29,347 - synapse.util.caches.lrucache - 212 - INFO - LruCache._expire_old_entries-228 - Dropped 0 items from caches
2023-03-10 03:03:29,349 - synapse.http.client - 469 - INFO - phone_stats_home-3 - Error sending request to  PUT https://matrix.org/report-usage-stats/push: RequestTimedOutError 504: Timeout waiting for response from remote server
2023-03-10 03:03:29,349 - synapse.app.homeserver - 164 - WARNING - phone_stats_home-3 - Error reporting stats: 504: Timeout waiting for response from remote server
2023-03-10 03:03:29,353 - synapse.storage.databases.main.event_push_actions - 1454 - INFO - rotate_notifs-228 - Rotating notifications
2023-03-10 03:03:29,354 - synapse.storage.databases.main.event_push_actions - 1300 - INFO - event_push_action_stream_orderings-19 - Searching for stream ordering 1 month ago
2023-03-10 03:03:29,355 - synapse.storage.databases.main.event_push_actions - 1304 - INFO - event_push_action_stream_orderings-19 - Found stream ordering 1 month ago: it's 0
2023-03-10 03:03:29,355 - synapse.storage.databases.main.event_push_actions - 1307 - INFO - event_push_action_stream_orderings-19 - Searching for stream ordering 1 day ago
2023-03-10 03:03:29,355 - synapse.storage.databases.main.event_push_actions - 1311 - INFO - event_push_action_stream_orderings-19 - Found stream ordering 1 day ago: it's 0
2023-03-10 03:03:29,356 - synapse.storage.databases.main.metrics - 475 - INFO - generate_user_daily_visits-31 - Calling _generate_user_daily_visits
2023-03-10 03:03:29,359 - synapse.storage.databases.main.event_push_actions - 1677 - INFO - rotate_notifs-228 - Rotating notifications up to: 1
2023-03-10 03:03:29,359 - synapse.storage.databases.main.event_push_actions - 1776 - INFO - rotate_notifs-228 - Rotating notifications, handling 0 rows
2023-03-10 03:03:29,359 - synapse.storage.databases.main.event_push_actions - 1869 - INFO - rotate_notifs-228 - Rotating notifications, deleted 0 push actions
2023-03-10 03:03:57,605 - synapse.storage.databases.main.event_push_actions - 1454 - INFO - rotate_notifs-229 - Rotating notifications
2023-03-10 03:03:57,606 - synapse.storage.databases.main.event_push_actions - 1677 - INFO - rotate_notifs-229 - Rotating notifications up to: 1
2023-03-10 03:03:57,606 - synapse.storage.databases.main.event_push_actions - 1776 - INFO - rotate_notifs-229 - Rotating notifications, handling 0 rows
2023-03-10 03:03:57,607 - synapse.storage.databases.main.event_push_actions - 1869 - INFO - rotate_notifs-229 - Rotating notifications, deleted 0 push actions
2023-03-10 03:03:57,658 - synapse.util.caches.lrucache - 212 - INFO - LruCache._expire_old_entries-229 - Dropped 0 items from caches
2023-03-10 04:09:20,235 - synapse.util.caches.lrucache - 212 - INFO - LruCache._expire_old_entries-230 - Dropped 0 items from caches
2023-03-10 04:09:20,238 - synapse.app.homeserver - 64 - INFO - phone_stats_home-4 - Gathering stats for reporting
2023-03-10 04:09:20,240 - synapse.storage.databases.main.event_push_actions - 1454 - INFO - rotate_notifs-230 - Rotating notifications
2023-03-10 04:09:20,241 - synapse.storage.databases.main.event_push_actions - 1300 - INFO - event_push_action_stream_orderings-20 - Searching for stream ordering 1 month ago
2023-03-10 04:09:20,241 - synapse.storage.databases.main.event_push_actions - 1304 - INFO - event_push_action_stream_orderings-20 - Found stream ordering 1 month ago: it's 0
2023-03-10 04:09:20,246 - synapse.storage.databases.main.event_push_actions - 1307 - INFO - event_push_action_stream_orderings-20 - Searching for stream ordering 1 day ago
2023-03-10 04:09:20,246 - synapse.storage.databases.main.event_push_actions - 1311 - INFO - event_push_action_stream_orderings-20 - Found stream ordering 1 day ago: it's 0
2023-03-10 04:09:20,248 - synapse.storage.databases.main.metrics - 475 - INFO - generate_user_daily_visits-32 - Calling _generate_user_daily_visits
2023-03-10 04:09:20,249 - synapse.storage.databases.main.event_push_actions - 1677 - INFO - rotate_notifs-230 - Rotating notifications up to: 1
2023-03-10 04:09:20,249 - synapse.storage.databases.main.event_push_actions - 1776 - INFO - rotate_notifs-230 - Rotating notifications, handling 0 rows
2023-03-10 04:09:20,250 - synapse.storage.databases.main.event_push_actions - 1869 - INFO - rotate_notifs-230 - Rotating notifications, deleted 0 push actions
2023-03-10 04:09:20,253 - synapse.app.homeserver - 156 - INFO - phone_stats_home-4 - Reporting stats to https://matrix.org/report-usage-stats/push: {'memory_rss': 119752, 'cpu_average': 0, 'homeserver': 'matrix.workadventure.localhost', 'server_context': None, 'timestamp': 1678421360, 'uptime_seconds': 43313, 'python_version': '3.9.16', 'total_users': 6, 'total_nonbridged_users': 6, 'daily_user_type_native': 6, 'daily_user_type_guest': 0, 'daily_user_type_bridged': 0, 'total_room_count': 0, 'daily_active_users': 2, 'monthly_active_users': 2, 'daily_active_e2ee_rooms': 0, 'daily_e2ee_messages': 0, 'daily_sent_e2ee_messages': 0, 'daily_active_rooms': 0, 'daily_messages': 0, 'daily_sent_messages': 0, 'r30_users_all': 0, 'r30v2_users_ios': 0, 'r30v2_users_android': 0, 'r30v2_users_web': 0, 'r30v2_users_electron': 0, 'r30v2_users_all': 0, 'cache_factor': 0.5, 'event_cache_size': 10240, 'database_engine': 'sqlite3', 'database_server_version': '3.34.1', 'log_level': 'INFO'}
2023-03-10 04:09:27,605 - synapse.storage.databases.main.event_push_actions - 1454 - INFO - rotate_notifs-231 - Rotating notifications
2023-03-10 04:09:27,605 - synapse.storage.databases.main.event_push_actions - 1677 - INFO - rotate_notifs-231 - Rotating notifications up to: 1
2023-03-10 04:09:27,605 - synapse.storage.databases.main.event_push_actions - 1776 - INFO - rotate_notifs-231 - Rotating notifications, handling 0 rows
2023-03-10 04:09:27,605 - synapse.storage.databases.main.event_push_actions - 1869 - INFO - rotate_notifs-231 - Rotating notifications, deleted 0 push actions
2023-03-10 04:09:27,657 - synapse.util.caches.lrucache - 212 - INFO - LruCache._expire_old_entries-231 - Dropped 0 items from caches
2023-03-10 05:15:00,163 - synapse.util.caches.lrucache - 212 - INFO - LruCache._expire_old_entries-232 - Dropped 0 items from caches
2023-03-10 05:15:00,164 - synapse.http.client - 469 - INFO - phone_stats_home-4 - Error sending request to  PUT https://matrix.org/report-usage-stats/push: RequestTimedOutError 504: Timeout waiting for response from remote server
2023-03-10 05:15:00,164 - synapse.app.homeserver - 164 - WARNING - phone_stats_home-4 - Error reporting stats: 504: Timeout waiting for response from remote server
2023-03-10 05:15:00,169 - synapse.storage.databases.main.event_push_actions - 1454 - INFO - rotate_notifs-232 - Rotating notifications
2023-03-10 05:15:00,170 - synapse.storage.databases.main.metrics - 475 - INFO - generate_user_daily_visits-33 - Calling _generate_user_daily_visits
2023-03-10 05:15:00,170 - synapse.storage.databases.main.event_push_actions - 1300 - INFO - event_push_action_stream_orderings-21 - Searching for stream ordering 1 month ago
2023-03-10 05:15:00,170 - synapse.storage.databases.main.event_push_actions - 1304 - INFO - event_push_action_stream_orderings-21 - Found stream ordering 1 month ago: it's 0
2023-03-10 05:15:00,170 - synapse.storage.databases.main.event_push_actions - 1307 - INFO - event_push_action_stream_orderings-21 - Searching for stream ordering 1 day ago
2023-03-10 05:15:00,170 - synapse.storage.databases.main.event_push_actions - 1311 - INFO - event_push_action_stream_orderings-21 - Found stream ordering 1 day ago: it's 0
2023-03-10 05:15:00,172 - synapse.storage.databases.main.event_push_actions - 1677 - INFO - rotate_notifs-232 - Rotating notifications up to: 1
2023-03-10 05:15:00,173 - synapse.storage.databases.main.event_push_actions - 1776 - INFO - rotate_notifs-232 - Rotating notifications, handling 0 rows
2023-03-10 05:15:00,173 - synapse.storage.databases.main.event_push_actions - 1869 - INFO - rotate_notifs-232 - Rotating notifications, deleted 0 push actions
2023-03-10 05:15:27,605 - synapse.storage.databases.main.event_push_actions - 1454 - INFO - rotate_notifs-233 - Rotating notifications
2023-03-10 05:15:27,605 - synapse.storage.databases.main.event_push_actions - 1677 - INFO - rotate_notifs-233 - Rotating notifications up to: 1
2023-03-10 05:15:27,605 - synapse.storage.databases.main.event_push_actions - 1776 - INFO - rotate_notifs-233 - Rotating notifications, handling 0 rows
2023-03-10 05:15:27,606 - synapse.storage.databases.main.event_push_actions - 1869 - INFO - rotate_notifs-233 - Rotating notifications, deleted 0 push actions
2023-03-10 05:15:27,657 - synapse.util.caches.lrucache - 212 - INFO - LruCache._expire_old_entries-233 - Dropped 0 items from caches
2023-03-10 06:33:58,072 - synapse.util.caches.lrucache - 212 - INFO - LruCache._expire_old_entries-234 - Dropped 0 items from caches
2023-03-10 06:33:58,076 - synapse.storage.databases.main.event_push_actions - 1454 - INFO - rotate_notifs-234 - Rotating notifications
2023-03-10 06:33:58,077 - synapse.storage.databases.main.event_push_actions - 1300 - INFO - event_push_action_stream_orderings-22 - Searching for stream ordering 1 month ago
2023-03-10 06:33:58,077 - synapse.storage.databases.main.event_push_actions - 1304 - INFO - event_push_action_stream_orderings-22 - Found stream ordering 1 month ago: it's 0
2023-03-10 06:33:58,077 - synapse.storage.databases.main.event_push_actions - 1307 - INFO - event_push_action_stream_orderings-22 - Searching for stream ordering 1 day ago
2023-03-10 06:33:58,082 - synapse.storage.databases.main.event_push_actions - 1311 - INFO - event_push_action_stream_orderings-22 - Found stream ordering 1 day ago: it's 0
2023-03-10 06:33:58,083 - synapse.storage.databases.main.metrics - 475 - INFO - generate_user_daily_visits-34 - Calling _generate_user_daily_visits
2023-03-10 06:33:58,085 - synapse.storage.databases.main.event_push_actions - 1677 - INFO - rotate_notifs-234 - Rotating notifications up to: 1
2023-03-10 06:33:58,085 - synapse.storage.databases.main.event_push_actions - 1776 - INFO - rotate_notifs-234 - Rotating notifications, handling 0 rows
2023-03-10 06:33:58,086 - synapse.storage.databases.main.event_push_actions - 1869 - INFO - rotate_notifs-234 - Rotating notifications, deleted 0 push actions
2023-03-10 06:34:27,605 - synapse.storage.databases.main.event_push_actions - 1454 - INFO - rotate_notifs-235 - Rotating notifications
2023-03-10 06:34:27,605 - synapse.storage.databases.main.event_push_actions - 1677 - INFO - rotate_notifs-235 - Rotating notifications up to: 1
2023-03-10 06:34:27,605 - synapse.storage.databases.main.event_push_actions - 1776 - INFO - rotate_notifs-235 - Rotating notifications, handling 0 rows
2023-03-10 06:34:27,606 - synapse.storage.databases.main.event_push_actions - 1869 - INFO - rotate_notifs-235 - Rotating notifications, deleted 0 push actions
2023-03-10 06:34:27,658 - synapse.util.caches.lrucache - 212 - INFO - LruCache._expire_old_entries-235 - Dropped 0 items from caches
2023-03-10 07:38:56,921 - synapse.util.caches.lrucache - 212 - INFO - LruCache._expire_old_entries-236 - Dropped 0 items from caches
2023-03-10 07:38:56,923 - synapse.app.homeserver - 64 - INFO - phone_stats_home-5 - Gathering stats for reporting
2023-03-10 07:38:56,924 - synapse.storage.databases.main.event_push_actions - 1454 - INFO - rotate_notifs-236 - Rotating notifications
2023-03-10 07:38:56,924 - synapse.storage.databases.main.event_push_actions - 1300 - INFO - event_push_action_stream_orderings-23 - Searching for stream ordering 1 month ago
2023-03-10 07:38:56,924 - synapse.storage.databases.main.event_push_actions - 1304 - INFO - event_push_action_stream_orderings-23 - Found stream ordering 1 month ago: it's 0
2023-03-10 07:38:56,929 - synapse.storage.databases.main.event_push_actions - 1307 - INFO - event_push_action_stream_orderings-23 - Searching for stream ordering 1 day ago
2023-03-10 07:38:56,929 - synapse.storage.databases.main.event_push_actions - 1311 - INFO - event_push_action_stream_orderings-23 - Found stream ordering 1 day ago: it's 0
2023-03-10 07:38:56,930 - synapse.storage.databases.main.metrics - 475 - INFO - generate_user_daily_visits-35 - Calling _generate_user_daily_visits
2023-03-10 07:38:56,931 - synapse.storage.databases.main.event_push_actions - 1677 - INFO - rotate_notifs-236 - Rotating notifications up to: 1
2023-03-10 07:38:56,931 - synapse.storage.databases.main.event_push_actions - 1776 - INFO - rotate_notifs-236 - Rotating notifications, handling 0 rows
2023-03-10 07:38:56,932 - synapse.storage.databases.main.event_push_actions - 1869 - INFO - rotate_notifs-236 - Rotating notifications, deleted 0 push actions
2023-03-10 07:38:56,935 - synapse.app.homeserver - 156 - INFO - phone_stats_home-5 - Reporting stats to https://matrix.org/report-usage-stats/push: {'memory_rss': 119752, 'cpu_average': 0, 'homeserver': 'matrix.workadventure.localhost', 'server_context': None, 'timestamp': 1678433936, 'uptime_seconds': 55889, 'python_version': '3.9.16', 'total_users': 6, 'total_nonbridged_users': 6, 'daily_user_type_native': 6, 'daily_user_type_guest': 0, 'daily_user_type_bridged': 0, 'total_room_count': 0, 'daily_active_users': 2, 'monthly_active_users': 2, 'daily_active_e2ee_rooms': 0, 'daily_e2ee_messages': 0, 'daily_sent_e2ee_messages': 0, 'daily_active_rooms': 0, 'daily_messages': 0, 'daily_sent_messages': 0, 'r30_users_all': 0, 'r30v2_users_ios': 0, 'r30v2_users_android': 0, 'r30v2_users_web': 0, 'r30v2_users_electron': 0, 'r30v2_users_all': 0, 'cache_factor': 0.5, 'event_cache_size': 10240, 'database_engine': 'sqlite3', 'database_server_version': '3.34.1', 'log_level': 'INFO'}
2023-03-10 07:38:57,057 - synapse.metrics._gc - 120 - INFO - sentinel - Collecting gc 1
2023-03-10 07:38:57,604 - synapse.storage.databases.main.event_push_actions - 1454 - INFO - rotate_notifs-237 - Rotating notifications
2023-03-10 07:38:57,604 - synapse.storage.databases.main.event_push_actions - 1677 - INFO - rotate_notifs-237 - Rotating notifications up to: 1
2023-03-10 07:38:57,608 - synapse.storage.databases.main.event_push_actions - 1776 - INFO - rotate_notifs-237 - Rotating notifications, handling 0 rows
2023-03-10 07:38:57,608 - synapse.storage.databases.main.event_push_actions - 1869 - INFO - rotate_notifs-237 - Rotating notifications, deleted 0 push actions
2023-03-10 07:38:57,657 - synapse.util.caches.lrucache - 212 - INFO - LruCache._expire_old_entries-237 - Dropped 0 items from caches
2023-03-10 08:42:51,399 - synapse.util.caches.lrucache - 212 - INFO - LruCache._expire_old_entries-238 - Dropped 0 items from caches
2023-03-10 08:42:51,401 - synapse.http.client - 469 - INFO - phone_stats_home-5 - Error sending request to  PUT https://matrix.org/report-usage-stats/push: RequestTimedOutError 504: Timeout waiting for response from remote server
2023-03-10 08:42:51,401 - synapse.app.homeserver - 164 - WARNING - phone_stats_home-5 - Error reporting stats: 504: Timeout waiting for response from remote server
2023-03-10 08:42:51,405 - synapse.storage.databases.main.event_push_actions - 1454 - INFO - rotate_notifs-238 - Rotating notifications
2023-03-10 08:42:51,407 - synapse.storage.databases.main.metrics - 475 - INFO - generate_user_daily_visits-36 - Calling _generate_user_daily_visits
2023-03-10 08:42:51,407 - synapse.storage.databases.main.event_push_actions - 1300 - INFO - event_push_action_stream_orderings-24 - Searching for stream ordering 1 month ago
2023-03-10 08:42:51,407 - synapse.storage.databases.main.event_push_actions - 1304 - INFO - event_push_action_stream_orderings-24 - Found stream ordering 1 month ago: it's 0
2023-03-10 08:42:51,407 - synapse.storage.databases.main.event_push_actions - 1307 - INFO - event_push_action_stream_orderings-24 - Searching for stream ordering 1 day ago
2023-03-10 08:42:51,407 - synapse.storage.databases.main.event_push_actions - 1311 - INFO - event_push_action_stream_orderings-24 - Found stream ordering 1 day ago: it's 0
2023-03-10 08:42:51,409 - synapse.storage.databases.main.event_push_actions - 1677 - INFO - rotate_notifs-238 - Rotating notifications up to: 1
2023-03-10 08:42:51,409 - synapse.storage.databases.main.event_push_actions - 1776 - INFO - rotate_notifs-238 - Rotating notifications, handling 0 rows
2023-03-10 08:42:51,410 - synapse.storage.databases.main.event_push_actions - 1869 - INFO - rotate_notifs-238 - Rotating notifications, deleted 0 push actions
2023-03-10 08:42:57,605 - synapse.storage.databases.main.event_push_actions - 1454 - INFO - rotate_notifs-239 - Rotating notifications
2023-03-10 08:42:57,605 - synapse.storage.databases.main.event_push_actions - 1677 - INFO - rotate_notifs-239 - Rotating notifications up to: 1
2023-03-10 08:42:57,605 - synapse.storage.databases.main.event_push_actions - 1776 - INFO - rotate_notifs-239 - Rotating notifications, handling 0 rows
2023-03-10 08:42:57,605 - synapse.storage.databases.main.event_push_actions - 1869 - INFO - rotate_notifs-239 - Rotating notifications, deleted 0 push actions
2023-03-10 08:42:57,658 - synapse.util.caches.lrucache - 212 - INFO - LruCache._expire_old_entries-239 - Dropped 0 items from caches
2023-03-10 08:59:50,475 - synapse.util.caches.lrucache - 212 - INFO - LruCache._expire_old_entries-240 - Dropped 0 items from caches
2023-03-10 08:59:50,482 - synapse.storage.databases.main.event_push_actions - 1300 - INFO - event_push_action_stream_orderings-25 - Searching for stream ordering 1 month ago
2023-03-10 08:59:50,482 - synapse.storage.databases.main.event_push_actions - 1454 - INFO - rotate_notifs-240 - Rotating notifications
2023-03-10 08:59:50,483 - synapse.storage.databases.main.event_push_actions - 1304 - INFO - event_push_action_stream_orderings-25 - Found stream ordering 1 month ago: it's 0
2023-03-10 08:59:50,483 - synapse.storage.databases.main.event_push_actions - 1307 - INFO - event_push_action_stream_orderings-25 - Searching for stream ordering 1 day ago
2023-03-10 08:59:50,483 - synapse.storage.databases.main.event_push_actions - 1311 - INFO - event_push_action_stream_orderings-25 - Found stream ordering 1 day ago: it's 0
2023-03-10 08:59:50,484 - synapse.storage.databases.main.metrics - 475 - INFO - generate_user_daily_visits-37 - Calling _generate_user_daily_visits
2023-03-10 08:59:50,485 - synapse.storage.databases.main.event_push_actions - 1677 - INFO - rotate_notifs-240 - Rotating notifications up to: 1
2023-03-10 08:59:50,485 - synapse.storage.databases.main.event_push_actions - 1776 - INFO - rotate_notifs-240 - Rotating notifications, handling 0 rows
2023-03-10 08:59:50,486 - synapse.storage.databases.main.event_push_actions - 1869 - INFO - rotate_notifs-240 - Rotating notifications, deleted 0 push actions
2023-03-10 08:59:57,604 - synapse.storage.databases.main.event_push_actions - 1454 - INFO - rotate_notifs-241 - Rotating notifications
2023-03-10 08:59:57,604 - synapse.storage.databases.main.event_push_actions - 1677 - INFO - rotate_notifs-241 - Rotating notifications up to: 1
2023-03-10 08:59:57,604 - synapse.storage.databases.main.event_push_actions - 1776 - INFO - rotate_notifs-241 - Rotating notifications, handling 0 rows
2023-03-10 08:59:57,605 - synapse.storage.databases.main.event_push_actions - 1869 - INFO - rotate_notifs-241 - Rotating notifications, deleted 0 push actions
2023-03-10 08:59:57,658 - synapse.util.caches.lrucache - 212 - INFO - LruCache._expire_old_entries-241 - Dropped 0 items from caches
2023-03-10 09:00:27,605 - synapse.storage.databases.main.event_push_actions - 1454 - INFO - rotate_notifs-242 - Rotating notifications
2023-03-10 09:00:27,606 - synapse.storage.databases.main.event_push_actions - 1677 - INFO - rotate_notifs-242 - Rotating notifications up to: 1
2023-03-10 09:00:27,606 - synapse.storage.databases.main.event_push_actions - 1776 - INFO - rotate_notifs-242 - Rotating notifications, handling 0 rows
2023-03-10 09:00:27,607 - synapse.storage.databases.main.event_push_actions - 1869 - INFO - rotate_notifs-242 - Rotating notifications, deleted 0 push actions
2023-03-10 09:00:27,658 - synapse.util.caches.lrucache - 212 - INFO - LruCache._expire_old_entries-242 - Dropped 0 items from caches
2023-03-10 09:00:57,605 - synapse.storage.databases.main.event_push_actions - 1454 - INFO - rotate_notifs-243 - Rotating notifications
2023-03-10 09:00:57,605 - synapse.storage.databases.main.event_push_actions - 1677 - INFO - rotate_notifs-243 - Rotating notifications up to: 1
2023-03-10 09:00:57,605 - synapse.storage.databases.main.event_push_actions - 1776 - INFO - rotate_notifs-243 - Rotating notifications, handling 0 rows
2023-03-10 09:00:57,606 - synapse.storage.databases.main.event_push_actions - 1869 - INFO - rotate_notifs-243 - Rotating notifications, deleted 0 push actions
2023-03-10 09:00:57,658 - synapse.util.caches.lrucache - 212 - INFO - LruCache._expire_old_entries-243 - Dropped 0 items from caches
2023-03-10 09:01:27,604 - synapse.storage.databases.main.event_push_actions - 1454 - INFO - rotate_notifs-244 - Rotating notifications
2023-03-10 09:01:27,604 - synapse.storage.databases.main.event_push_actions - 1677 - INFO - rotate_notifs-244 - Rotating notifications up to: 1
2023-03-10 09:01:27,604 - synapse.storage.databases.main.event_push_actions - 1776 - INFO - rotate_notifs-244 - Rotating notifications, handling 0 rows
2023-03-10 09:01:27,604 - synapse.storage.databases.main.event_push_actions - 1869 - INFO - rotate_notifs-244 - Rotating notifications, deleted 0 push actions
2023-03-10 09:01:27,658 - synapse.util.caches.lrucache - 212 - INFO - LruCache._expire_old_entries-244 - Dropped 0 items from caches
2023-03-10 09:01:57,607 - synapse.storage.databases.main.event_push_actions - 1454 - INFO - rotate_notifs-245 - Rotating notifications
2023-03-10 09:01:57,607 - synapse.storage.databases.main.event_push_actions - 1677 - INFO - rotate_notifs-245 - Rotating notifications up to: 1
2023-03-10 09:01:57,607 - synapse.storage.databases.main.event_push_actions - 1776 - INFO - rotate_notifs-245 - Rotating notifications, handling 0 rows
2023-03-10 09:01:57,608 - synapse.storage.databases.main.event_push_actions - 1869 - INFO - rotate_notifs-245 - Rotating notifications, deleted 0 push actions
2023-03-10 09:01:57,657 - synapse.util.caches.lrucache - 212 - INFO - LruCache._expire_old_entries-245 - Dropped 0 items from caches
2023-03-10 09:02:27,606 - synapse.storage.databases.main.event_push_actions - 1454 - INFO - rotate_notifs-246 - Rotating notifications
2023-03-10 09:02:27,606 - synapse.storage.databases.main.event_push_actions - 1677 - INFO - rotate_notifs-246 - Rotating notifications up to: 1
2023-03-10 09:02:27,607 - synapse.storage.databases.main.event_push_actions - 1776 - INFO - rotate_notifs-246 - Rotating notifications, handling 0 rows
2023-03-10 09:02:27,608 - synapse.storage.databases.main.event_push_actions - 1869 - INFO - rotate_notifs-246 - Rotating notifications, deleted 0 push actions
2023-03-10 09:02:27,657 - synapse.util.caches.lrucache - 212 - INFO - LruCache._expire_old_entries-246 - Dropped 0 items from caches
2023-03-10 09:02:27,680 - synapse.storage.databases.main.metrics - 475 - INFO - generate_user_daily_visits-38 - Calling _generate_user_daily_visits
2023-03-10 09:02:52,759 - synapse.metrics._gc - 120 - INFO - sentinel - Collecting gc 1
2023-03-10 09:02:57,603 - synapse.storage.databases.main.event_push_actions - 1454 - INFO - rotate_notifs-247 - Rotating notifications
2023-03-10 09:02:57,603 - synapse.storage.databases.main.event_push_actions - 1677 - INFO - rotate_notifs-247 - Rotating notifications up to: 1
2023-03-10 09:02:57,603 - synapse.storage.databases.main.event_push_actions - 1776 - INFO - rotate_notifs-247 - Rotating notifications, handling 0 rows
2023-03-10 09:02:57,604 - synapse.storage.databases.main.event_push_actions - 1869 - INFO - rotate_notifs-247 - Rotating notifications, deleted 0 push actions
2023-03-10 09:02:57,657 - synapse.util.caches.lrucache - 212 - INFO - LruCache._expire_old_entries-247 - Dropped 0 items from caches
2023-03-10 09:03:27,604 - synapse.storage.databases.main.event_push_actions - 1454 - INFO - rotate_notifs-248 - Rotating notifications
2023-03-10 09:03:27,604 - synapse.storage.databases.main.event_push_actions - 1677 - INFO - rotate_notifs-248 - Rotating notifications up to: 1
2023-03-10 09:03:27,604 - synapse.storage.databases.main.event_push_actions - 1776 - INFO - rotate_notifs-248 - Rotating notifications, handling 0 rows
2023-03-10 09:03:27,605 - synapse.storage.databases.main.event_push_actions - 1869 - INFO - rotate_notifs-248 - Rotating notifications, deleted 0 push actions
2023-03-10 09:03:27,658 - synapse.util.caches.lrucache - 212 - INFO - LruCache._expire_old_entries-248 - Dropped 0 items from caches
2023-03-10 09:03:57,605 - synapse.storage.databases.main.event_push_actions - 1454 - INFO - rotate_notifs-249 - Rotating notifications
2023-03-10 09:03:57,605 - synapse.storage.databases.main.event_push_actions - 1677 - INFO - rotate_notifs-249 - Rotating notifications up to: 1
2023-03-10 09:03:57,607 - synapse.storage.databases.main.event_push_actions - 1776 - INFO - rotate_notifs-249 - Rotating notifications, handling 0 rows
2023-03-10 09:03:57,608 - synapse.storage.databases.main.event_push_actions - 1869 - INFO - rotate_notifs-249 - Rotating notifications, deleted 0 push actions
2023-03-10 09:03:57,658 - synapse.util.caches.lrucache - 212 - INFO - LruCache._expire_old_entries-249 - Dropped 0 items from caches
2023-03-10 09:04:27,605 - synapse.storage.databases.main.event_push_actions - 1454 - INFO - rotate_notifs-250 - Rotating notifications
2023-03-10 09:04:27,605 - synapse.storage.databases.main.event_push_actions - 1677 - INFO - rotate_notifs-250 - Rotating notifications up to: 1
2023-03-10 09:04:27,605 - synapse.storage.databases.main.event_push_actions - 1776 - INFO - rotate_notifs-250 - Rotating notifications, handling 0 rows
2023-03-10 09:04:27,606 - synapse.storage.databases.main.event_push_actions - 1869 - INFO - rotate_notifs-250 - Rotating notifications, deleted 0 push actions
2023-03-10 09:04:27,658 - synapse.util.caches.lrucache - 212 - INFO - LruCache._expire_old_entries-250 - Dropped 0 items from caches
2023-03-10 09:04:57,605 - synapse.storage.databases.main.event_push_actions - 1454 - INFO - rotate_notifs-251 - Rotating notifications
2023-03-10 09:04:57,605 - synapse.storage.databases.main.event_push_actions - 1677 - INFO - rotate_notifs-251 - Rotating notifications up to: 1
2023-03-10 09:04:57,606 - synapse.storage.databases.main.event_push_actions - 1776 - INFO - rotate_notifs-251 - Rotating notifications, handling 0 rows
2023-03-10 09:04:57,608 - synapse.storage.databases.main.event_push_actions - 1869 - INFO - rotate_notifs-251 - Rotating notifications, deleted 0 push actions
2023-03-10 09:04:57,658 - synapse.util.caches.lrucache - 212 - INFO - LruCache._expire_old_entries-251 - Dropped 0 items from caches
2023-03-10 09:05:27,606 - synapse.storage.databases.main.event_push_actions - 1454 - INFO - rotate_notifs-252 - Rotating notifications
2023-03-10 09:05:27,606 - synapse.storage.databases.main.event_push_actions - 1677 - INFO - rotate_notifs-252 - Rotating notifications up to: 1
2023-03-10 09:05:27,606 - synapse.storage.databases.main.event_push_actions - 1776 - INFO - rotate_notifs-252 - Rotating notifications, handling 0 rows
2023-03-10 09:05:27,607 - synapse.storage.databases.main.event_push_actions - 1869 - INFO - rotate_notifs-252 - Rotating notifications, deleted 0 push actions
2023-03-10 09:05:27,657 - synapse.util.caches.lrucache - 212 - INFO - LruCache._expire_old_entries-252 - Dropped 0 items from caches
2023-03-10 09:05:57,605 - synapse.storage.databases.main.event_push_actions - 1454 - INFO - rotate_notifs-253 - Rotating notifications
2023-03-10 09:05:57,605 - synapse.storage.databases.main.event_push_actions - 1677 - INFO - rotate_notifs-253 - Rotating notifications up to: 1
2023-03-10 09:05:57,605 - synapse.storage.databases.main.event_push_actions - 1776 - INFO - rotate_notifs-253 - Rotating notifications, handling 0 rows
2023-03-10 09:05:57,606 - synapse.storage.databases.main.event_push_actions - 1869 - INFO - rotate_notifs-253 - Rotating notifications, deleted 0 push actions
2023-03-10 09:05:57,657 - synapse.util.caches.lrucache - 212 - INFO - LruCache._expire_old_entries-253 - Dropped 0 items from caches
2023-03-10 09:06:27,607 - synapse.storage.databases.main.event_push_actions - 1454 - INFO - rotate_notifs-254 - Rotating notifications
2023-03-10 09:06:27,613 - synapse.storage.databases.main.event_push_actions - 1677 - INFO - rotate_notifs-254 - Rotating notifications up to: 1
2023-03-10 09:06:27,613 - synapse.storage.databases.main.event_push_actions - 1776 - INFO - rotate_notifs-254 - Rotating notifications, handling 0 rows
2023-03-10 09:06:27,614 - synapse.storage.databases.main.event_push_actions - 1869 - INFO - rotate_notifs-254 - Rotating notifications, deleted 0 push actions
2023-03-10 09:06:27,659 - synapse.util.caches.lrucache - 212 - INFO - LruCache._expire_old_entries-254 - Dropped 0 items from caches
2023-03-10 09:06:57,605 - synapse.storage.databases.main.event_push_actions - 1454 - INFO - rotate_notifs-255 - Rotating notifications
2023-03-10 09:06:57,605 - synapse.storage.databases.main.event_push_actions - 1677 - INFO - rotate_notifs-255 - Rotating notifications up to: 1
2023-03-10 09:06:57,605 - synapse.storage.databases.main.event_push_actions - 1776 - INFO - rotate_notifs-255 - Rotating notifications, handling 0 rows
2023-03-10 09:06:57,606 - synapse.storage.databases.main.event_push_actions - 1869 - INFO - rotate_notifs-255 - Rotating notifications, deleted 0 push actions
2023-03-10 09:06:57,658 - synapse.util.caches.lrucache - 212 - INFO - LruCache._expire_old_entries-255 - Dropped 0 items from caches
2023-03-10 09:07:27,605 - synapse.storage.databases.main.event_push_actions - 1300 - INFO - event_push_action_stream_orderings-26 - Searching for stream ordering 1 month ago
2023-03-10 09:07:27,606 - synapse.storage.databases.main.event_push_actions - 1304 - INFO - event_push_action_stream_orderings-26 - Found stream ordering 1 month ago: it's 0
2023-03-10 09:07:27,606 - synapse.storage.databases.main.event_push_actions - 1307 - INFO - event_push_action_stream_orderings-26 - Searching for stream ordering 1 day ago
2023-03-10 09:07:27,606 - synapse.storage.databases.main.event_push_actions - 1311 - INFO - event_push_action_stream_orderings-26 - Found stream ordering 1 day ago: it's 0
2023-03-10 09:07:27,607 - synapse.storage.databases.main.event_push_actions - 1454 - INFO - rotate_notifs-256 - Rotating notifications
2023-03-10 09:07:27,609 - synapse.storage.databases.main.event_push_actions - 1677 - INFO - rotate_notifs-256 - Rotating notifications up to: 1
2023-03-10 09:07:27,609 - synapse.storage.databases.main.event_push_actions - 1776 - INFO - rotate_notifs-256 - Rotating notifications, handling 0 rows
2023-03-10 09:07:27,610 - synapse.storage.databases.main.event_push_actions - 1869 - INFO - rotate_notifs-256 - Rotating notifications, deleted 0 push actions
2023-03-10 09:07:27,658 - synapse.util.caches.lrucache - 212 - INFO - LruCache._expire_old_entries-256 - Dropped 0 items from caches
2023-03-10 09:07:27,679 - synapse.storage.databases.main.metrics - 475 - INFO - generate_user_daily_visits-39 - Calling _generate_user_daily_visits
2023-03-10 09:07:52,757 - synapse.metrics._gc - 120 - INFO - sentinel - Collecting gc 1
2023-03-10 09:07:57,605 - synapse.storage.databases.main.event_push_actions - 1454 - INFO - rotate_notifs-257 - Rotating notifications
2023-03-10 09:07:57,605 - synapse.storage.databases.main.event_push_actions - 1677 - INFO - rotate_notifs-257 - Rotating notifications up to: 1
2023-03-10 09:07:57,605 - synapse.storage.databases.main.event_push_actions - 1776 - INFO - rotate_notifs-257 - Rotating notifications, handling 0 rows
2023-03-10 09:07:57,606 - synapse.storage.databases.main.event_push_actions - 1869 - INFO - rotate_notifs-257 - Rotating notifications, deleted 0 push actions
2023-03-10 09:07:57,658 - synapse.util.caches.lrucache - 212 - INFO - LruCache._expire_old_entries-257 - Dropped 0 items from caches
2023-03-10 09:08:27,606 - synapse.storage.databases.main.event_push_actions - 1454 - INFO - rotate_notifs-258 - Rotating notifications
2023-03-10 09:08:27,606 - synapse.storage.databases.main.event_push_actions - 1677 - INFO - rotate_notifs-258 - Rotating notifications up to: 1
2023-03-10 09:08:27,606 - synapse.storage.databases.main.event_push_actions - 1776 - INFO - rotate_notifs-258 - Rotating notifications, handling 0 rows
2023-03-10 09:08:27,607 - synapse.storage.databases.main.event_push_actions - 1869 - INFO - rotate_notifs-258 - Rotating notifications, deleted 0 push actions
2023-03-10 09:08:27,657 - synapse.util.caches.lrucache - 212 - INFO - LruCache._expire_old_entries-258 - Dropped 0 items from caches
2023-03-10 09:08:57,605 - synapse.storage.databases.main.event_push_actions - 1454 - INFO - rotate_notifs-259 - Rotating notifications
2023-03-10 09:08:57,605 - synapse.storage.databases.main.event_push_actions - 1677 - INFO - rotate_notifs-259 - Rotating notifications up to: 1
2023-03-10 09:08:57,605 - synapse.storage.databases.main.event_push_actions - 1776 - INFO - rotate_notifs-259 - Rotating notifications, handling 0 rows
2023-03-10 09:08:57,606 - synapse.storage.databases.main.event_push_actions - 1869 - INFO - rotate_notifs-259 - Rotating notifications, deleted 0 push actions
2023-03-10 09:08:57,658 - synapse.util.caches.lrucache - 212 - INFO - LruCache._expire_old_entries-259 - Dropped 0 items from caches
2023-03-10 09:09:27,605 - synapse.storage.databases.main.event_push_actions - 1454 - INFO - rotate_notifs-260 - Rotating notifications
2023-03-10 09:09:27,605 - synapse.storage.databases.main.event_push_actions - 1677 - INFO - rotate_notifs-260 - Rotating notifications up to: 1
2023-03-10 09:09:27,605 - synapse.storage.databases.main.event_push_actions - 1776 - INFO - rotate_notifs-260 - Rotating notifications, handling 0 rows
2023-03-10 09:09:27,605 - synapse.storage.databases.main.event_push_actions - 1869 - INFO - rotate_notifs-260 - Rotating notifications, deleted 0 push actions
2023-03-10 09:09:27,658 - synapse.util.caches.lrucache - 212 - INFO - LruCache._expire_old_entries-260 - Dropped 0 items from caches
2023-03-10 09:09:57,605 - synapse.storage.databases.main.event_push_actions - 1454 - INFO - rotate_notifs-261 - Rotating notifications
2023-03-10 09:09:57,605 - synapse.storage.databases.main.event_push_actions - 1677 - INFO - rotate_notifs-261 - Rotating notifications up to: 1
2023-03-10 09:09:57,605 - synapse.storage.databases.main.event_push_actions - 1776 - INFO - rotate_notifs-261 - Rotating notifications, handling 0 rows
2023-03-10 09:09:57,605 - synapse.storage.databases.main.event_push_actions - 1869 - INFO - rotate_notifs-261 - Rotating notifications, deleted 0 push actions
2023-03-10 09:09:57,658 - synapse.util.caches.lrucache - 212 - INFO - LruCache._expire_old_entries-261 - Dropped 0 items from caches
2023-03-10 09:10:27,605 - synapse.storage.databases.main.event_push_actions - 1454 - INFO - rotate_notifs-262 - Rotating notifications
2023-03-10 09:10:27,606 - synapse.storage.databases.main.event_push_actions - 1677 - INFO - rotate_notifs-262 - Rotating notifications up to: 1
2023-03-10 09:10:27,606 - synapse.storage.databases.main.event_push_actions - 1776 - INFO - rotate_notifs-262 - Rotating notifications, handling 0 rows
2023-03-10 09:10:27,607 - synapse.storage.databases.main.event_push_actions - 1869 - INFO - rotate_notifs-262 - Rotating notifications, deleted 0 push actions
2023-03-10 09:10:27,658 - synapse.util.caches.lrucache - 212 - INFO - LruCache._expire_old_entries-262 - Dropped 0 items from caches
2023-03-10 09:10:57,605 - synapse.storage.databases.main.event_push_actions - 1454 - INFO - rotate_notifs-263 - Rotating notifications
2023-03-10 09:10:57,606 - synapse.storage.databases.main.event_push_actions - 1677 - INFO - rotate_notifs-263 - Rotating notifications up to: 1
2023-03-10 09:10:57,606 - synapse.storage.databases.main.event_push_actions - 1776 - INFO - rotate_notifs-263 - Rotating notifications, handling 0 rows
2023-03-10 09:10:57,606 - synapse.storage.databases.main.event_push_actions - 1869 - INFO - rotate_notifs-263 - Rotating notifications, deleted 0 push actions
2023-03-10 09:10:57,658 - synapse.util.caches.lrucache - 212 - INFO - LruCache._expire_old_entries-263 - Dropped 0 items from caches
2023-03-10 09:11:27,608 - synapse.storage.databases.main.event_push_actions - 1454 - INFO - rotate_notifs-264 - Rotating notifications
2023-03-10 09:11:27,609 - synapse.storage.databases.main.event_push_actions - 1677 - INFO - rotate_notifs-264 - Rotating notifications up to: 1
2023-03-10 09:11:27,610 - synapse.storage.databases.main.event_push_actions - 1776 - INFO - rotate_notifs-264 - Rotating notifications, handling 0 rows
2023-03-10 09:11:27,617 - synapse.storage.databases.main.event_push_actions - 1869 - INFO - rotate_notifs-264 - Rotating notifications, deleted 0 push actions
2023-03-10 09:11:27,658 - synapse.util.caches.lrucache - 212 - INFO - LruCache._expire_old_entries-264 - Dropped 0 items from caches
2023-03-10 09:11:57,606 - synapse.storage.databases.main.event_push_actions - 1454 - INFO - rotate_notifs-265 - Rotating notifications
2023-03-10 09:11:57,606 - synapse.storage.databases.main.event_push_actions - 1677 - INFO - rotate_notifs-265 - Rotating notifications up to: 1
2023-03-10 09:11:57,607 - synapse.storage.databases.main.event_push_actions - 1776 - INFO - rotate_notifs-265 - Rotating notifications, handling 0 rows
2023-03-10 09:11:57,608 - synapse.storage.databases.main.event_push_actions - 1869 - INFO - rotate_notifs-265 - Rotating notifications, deleted 0 push actions
2023-03-10 09:11:57,658 - synapse.util.caches.lrucache - 212 - INFO - LruCache._expire_old_entries-265 - Dropped 0 items from caches
2023-03-10 09:12:27,605 - synapse.storage.databases.main.event_push_actions - 1454 - INFO - rotate_notifs-266 - Rotating notifications
2023-03-10 09:12:27,605 - synapse.storage.databases.main.event_push_actions - 1677 - INFO - rotate_notifs-266 - Rotating notifications up to: 1
2023-03-10 09:12:27,606 - synapse.storage.databases.main.event_push_actions - 1776 - INFO - rotate_notifs-266 - Rotating notifications, handling 0 rows
2023-03-10 09:12:27,606 - synapse.storage.databases.main.event_push_actions - 1869 - INFO - rotate_notifs-266 - Rotating notifications, deleted 0 push actions
2023-03-10 09:12:27,657 - synapse.util.caches.lrucache - 212 - INFO - LruCache._expire_old_entries-266 - Dropped 0 items from caches
2023-03-10 09:12:27,682 - synapse.storage.databases.main.metrics - 475 - INFO - generate_user_daily_visits-40 - Calling _generate_user_daily_visits
2023-03-10 09:12:52,757 - synapse.metrics._gc - 120 - INFO - sentinel - Collecting gc 1
2023-03-10 09:12:57,604 - synapse.storage.databases.main.event_push_actions - 1454 - INFO - rotate_notifs-267 - Rotating notifications
2023-03-10 09:12:57,604 - synapse.storage.databases.main.event_push_actions - 1677 - INFO - rotate_notifs-267 - Rotating notifications up to: 1
2023-03-10 09:12:57,604 - synapse.storage.databases.main.event_push_actions - 1776 - INFO - rotate_notifs-267 - Rotating notifications, handling 0 rows
2023-03-10 09:12:57,605 - synapse.storage.databases.main.event_push_actions - 1869 - INFO - rotate_notifs-267 - Rotating notifications, deleted 0 push actions
2023-03-10 09:12:57,657 - synapse.util.caches.lrucache - 212 - INFO - LruCache._expire_old_entries-267 - Dropped 0 items from caches
2023-03-10 09:13:27,605 - synapse.storage.databases.main.event_push_actions - 1454 - INFO - rotate_notifs-268 - Rotating notifications
2023-03-10 09:13:27,606 - synapse.storage.databases.main.event_push_actions - 1677 - INFO - rotate_notifs-268 - Rotating notifications up to: 1
2023-03-10 09:13:27,606 - synapse.storage.databases.main.event_push_actions - 1776 - INFO - rotate_notifs-268 - Rotating notifications, handling 0 rows
2023-03-10 09:13:27,607 - synapse.storage.databases.main.event_push_actions - 1869 - INFO - rotate_notifs-268 - Rotating notifications, deleted 0 push actions
2023-03-10 09:13:27,658 - synapse.util.caches.lrucache - 212 - INFO - LruCache._expire_old_entries-268 - Dropped 0 items from caches
2023-03-10 09:13:57,603 - synapse.storage.databases.main.event_push_actions - 1454 - INFO - rotate_notifs-269 - Rotating notifications
2023-03-10 09:13:57,604 - synapse.storage.databases.main.event_push_actions - 1677 - INFO - rotate_notifs-269 - Rotating notifications up to: 1
2023-03-10 09:13:57,604 - synapse.storage.databases.main.event_push_actions - 1776 - INFO - rotate_notifs-269 - Rotating notifications, handling 0 rows
2023-03-10 09:13:57,604 - synapse.storage.databases.main.event_push_actions - 1869 - INFO - rotate_notifs-269 - Rotating notifications, deleted 0 push actions
2023-03-10 09:13:57,657 - synapse.util.caches.lrucache - 212 - INFO - LruCache._expire_old_entries-269 - Dropped 0 items from caches
2023-03-10 09:14:27,605 - synapse.storage.databases.main.event_push_actions - 1454 - INFO - rotate_notifs-270 - Rotating notifications
2023-03-10 09:14:27,605 - synapse.storage.databases.main.event_push_actions - 1677 - INFO - rotate_notifs-270 - Rotating notifications up to: 1
2023-03-10 09:14:27,606 - synapse.storage.databases.main.event_push_actions - 1776 - INFO - rotate_notifs-270 - Rotating notifications, handling 0 rows
2023-03-10 09:14:27,607 - synapse.storage.databases.main.event_push_actions - 1869 - INFO - rotate_notifs-270 - Rotating notifications, deleted 0 push actions
2023-03-10 09:14:27,658 - synapse.util.caches.lrucache - 212 - INFO - LruCache._expire_old_entries-270 - Dropped 0 items from caches
2023-03-10 09:14:57,606 - synapse.storage.databases.main.event_push_actions - 1454 - INFO - rotate_notifs-271 - Rotating notifications
2023-03-10 09:14:57,606 - synapse.storage.databases.main.event_push_actions - 1677 - INFO - rotate_notifs-271 - Rotating notifications up to: 1
2023-03-10 09:14:57,607 - synapse.storage.databases.main.event_push_actions - 1776 - INFO - rotate_notifs-271 - Rotating notifications, handling 0 rows
2023-03-10 09:14:57,607 - synapse.storage.databases.main.event_push_actions - 1869 - INFO - rotate_notifs-271 - Rotating notifications, deleted 0 push actions
2023-03-10 09:14:57,657 - synapse.util.caches.lrucache - 212 - INFO - LruCache._expire_old_entries-271 - Dropped 0 items from caches
